1544535752021:help
1544535757205:addPlayer
1544535785342:stacktrace
1544535856874:help
1544535866697:addPlayer
1544535947399:add-player
1544536480108:help
1544536489390:add 1 2
1544536608182:help
1544536644773:stacktrace
1544541669482:help
1544541672704:add
1544541675122:add 1 1
1544541679726:stacktrace
1544541753586:help
1544541768848:add
1544553832659:help
1544555177107:add-player heko
1544555207792:add-strategy -1 random -2 rock
1544555782819:help
1544555794226:add-player -1 Hans -2 Peter
1544555815453:add-strategy -1 random -2 rock
1544555918225:add-player -1 hans -2 peter
1544561722656:help
1544561737673:set-playernames -1 Hans -2 Peter
1544561750324:set-strategy -1 random -2 rock
1544561765727:start-game 10
1544561885606:sta
1544561887903:stacktrace
1544561898708:start-game 10
1544561907810:stacktrace
1544562152228:start-game 10
1544562688542:start-game
1544562847084:start-game 10
1544562875225:set-playernames -1 Hans -2 Peter
1544562886577:set-strategy -1 random -2 rock
1544562890740:start-game 10
1544566991540:help
1544567025093:set-playernames -2 Hans
1544567261904:set-strategy -2 rock
1544567272725:start-game 15
1544567313949:start-game 3
1544567426746:start-game 100
1544567455558:start-game 2
1544567597103:set-playernames -2 Jesko
1544567621500:set-strategy -1 rock
1544567632541:start-game 10
1544568313773:start-game 1
1544568342560:start-game 10
1544568384986:reset-game
1544568388183:reset-game 10
1544568398031:start-game 10
1544607778588:reset-game
1544607781968:start-game 10
1544608637909:set-strategy -1 radnm -2 rck
1544608666447:set-strategy -1 rocK -2 rOck
1544609102105:set-strategy -1 rock
1544609125038:set-playernames -1 Hans -2 Jerry
1544609130097:set-strategy -1 rock
1544609144838:start-game 100
1544609185872:clear
1544609190819:start-game 10000
1544609203030:start-game 10000000
1544609733429:help
1544609747478:set-playernames help
1544609774573:set-playernames --help
1544609885261:help set-playernames
1544609995717:help start-game
1544610000704:help help
1544610015264:help -C
1544617439228:start-game 15
1544617447547:exig
1544622948799:set-playernames Franzi Talida
1544622966074:set-strategy -1 random -2 rock
1544622973577:start-game 100
